CCAGGATTTGG
AGGATTTGGAT
GGATTTGGATT
GATTTGGATTT
GATTTGTTGTGT
GTTTGGCTGGCG
GTTTGGCTGGC
TTTGGCTGGCTG
TTTGGCTGGCT
CCAGCTGGAGG
CTGGAGGGCAT
TTTGCGCTGCC
TTGCGCTGCCT
ATAAATATTTC
TAGAAAATGTT
TTTTTTTGTTT
TTTTTTGTTTT
TTTTTGTTTTG
TTTTGTTTTGC
TTTTGTTTTGCG
TTTGTTTTGCTG
TTGTTTTGCTTG
TGTTTTGCTTAG
GTTTTGCTTACG
ATCCGGGCAAA
GCAAAGTTTAAA
AATCGAAAAGGG
AATCGAAAAGG
ATCGAAAAGGAG
ATCGAAAAGGA
GAAAAGGAGAA
AAAAGGAGAAG
AAAGGAGAAGA
AAGGAGAAGAA
AGGAGAAGAAA
GAAAGATCATG
GCTAATGGCGCG
GCTAATGGCGC
GCCCAGGTGGG
CCAGGTGGGCA
CAGGTGGGCAT
GCATTTATCAT
TATCATCATCAA
CATCAGCAGCCA
CCGCAAATGAAG
CCGCAAATGAA
ATTATTCAAAT
AAACACGAAAC
CCGCATCCGCA
AAAATCCTTTG
AAATCCTTTGA
AATCCTTTGAG
ATCCTTTGAGC
AAAATGACACCA
ACACCAGCGGC
CACCAGCGGCT
CAGCCATTAAA
ATTAAAACTAC
TTAAAACTACG
AAGGAATTTGC
AGGAATTTGCT
AATTTGCTGTC
TCTGGTTGCCA
CTGGTTGCCAT
CACCTCATCGC
ACCTCATCGCC
CTAGGAGCAGC
AGGAGCAGCCA
GGAGCAGCCAG
AGCCAGGAGCTA
TGAAAGACTGCA
GAAAGACTGCGA
ATTGAACTGAA
GCTCTTAAACT
GCATTTTAAAC
TAAATATAGCAA
AAATATAGCAA
GCAATTTTTAA
CAATTTTTAAA
AATTTTTAAAT
ATTTTTAAATT
TTTTTAAATTG
GAAATGGAATAG
AAATGGAATAAG
TAAGGCAATATA
TAAGGCAATATT
AAGGCAATATAA
AAGGCAATATAT
AGGCAATATAAA
AGGCAATATAAT
AATATAAAATAC
AGATGTCGCTGC
GATGTCGCTGAC
GATGTCGCTGA
CGCTGAGCAAG
CTTTCCCAGCC
CTTTCCCAGCCG
TTTCCCAGCCA
TTTCCCAGCCAG
CTGATGAACGA
GCGATCCACTT
GCGATCCACTTG
ATGGCCAGAAG
AAGGCGAACTG
GAACTGTTTCGA
TTTCGGAATTA
GGCCACAGATG
ATTCCAGAGCA
CAGAGCAGCTG
CATTCTTGTGC
ATTCTTGTGCT
CATGTGGAGCG
GCCGCAGCCGC
CCGCAGCCGCG
CGCAGCCGCGG
CGCGGGCAACA
GGAAAAGCAGC
GAAAAGCAGCT
CTTTTTGGCGCA
TTTTTGGCGCA
TTTTTGGCGCAG
CCACAGGCGCC
TTCTTCTACGA
TCTTCTACGAC
ACGACGACGAG
TGGAGCTGGAG
GGAGCTGGAGA
GGTCAACGCCA
GTCAACGCCAT
TCAACGCCATC
AACGCCATCAA
CCGAGCAGACGA
CCGAGCAGACG
CGAGCAGACGG
GCAGACGGTGC
CATCAAGCGCCA
AGCGCCTGAAGC
CTGCAGGAGCA
AAAATCGAACGC
AATCGAACGTA
GGACCAAGTTCG
GGACCAAGTTC
GACCAAGTTCAG
GACCAAGTTCA
ACCAAGTTCAAG
ACCAAGTTCAA
ACCAAGTTCAAT
CCAAGTTCAAAG
CCAAGTTCAAA
AGAACACGAGAA
AGAACACGAGA
GAACACGAGAGA
AGAGCAAAATA
GAGCAAAATAG
GCAAGGAAAAT
CAAGGAAAATGA
GGGCACACGAA
CACACGAAAAT
TTAATCCCACC
CGTTTAATGAGT
GTTTAATGAGCT
CAGACATTGTG
CAGGCGGAGAA
AGGCGGAGAAG
GGCGGAGAAGC
GCGGAGAAGCC
GAGAAGCCCAA
AACCACCAGCT
CACCAGCTGAC
ACCAGCTGACC
TGTATCCAGCA
AGCACAGGCTA
GATGATGGTAA
TCCAATAGCTT
GCCAAGGCGGC
GCCAAGGCGGCT
AAGGCGGCAGCG
AAGGCGGCAGC
GCGGCAGCTCG
TGCAGGACCTT
CTTCTGCAGCT
TTCTGCAGCTGG
TTCTGCAGCTG
TCTGCAGCTGCG
TCTGCAGCTGC
GCAGCTGCGAG
CAGCTGCGAGA
AGCTGCGAGAA
TGCGAGAAGTCG
TGCGAGAAGTC
AGTTCCAGAAG
CCAGAAGGACG
CAGAAGGACGA
AGAAGGACGAC
GAAGGACGACG
AAGGACGACGA
AAGGACGACGAG
AGGACGACGACT
AGGACGACGAC
GTGGATCTCCTA
CAACTCCTCCA
CACTGAGTTCGA
TGAGTTCGGTC
AATCTGTGCAC
ATCTGTGCACA
TCTGTGCACAC
CTGTGCACACC
AGCACATATTCA
CAACCTGGAAA
AACCTGGAAAC
CGATCATCTGG
TCTGGAGGAACA
GGAGGAACTGG
GGAACTGGCGGG
GGAACTGGCGG
GAACTGGCGGCG
GAACTGGCGGC
AACTGGCGGCGG
AACTGGCGGCG
ACCTTTGCGGT
GTGAACATGAC
GTGAACATGACG
GACAGCATCGT
ACAGCATCGTT
ATCCGCCTCGC
TCCACGACTTG
TGCACTGCAGC
GCACTGCAGCTA
GCAGCTTTTTG
ATGCCAGCTTC
TGCCAGCTTCT
ACCTGCGACTT
CTGCGACTTTG
TGCCGCATCCGG
GCATCCGGAGGG
GCATCCGGAGG
ATCCGGAGGTC
ATGGGGCGCTAA
GCGCTATCTGG
CGCTATCTGGC
CGGCGAGGTGT
TCCTGCAGTTCT
CCTGCAGTTCGT
CGACGACGATGT
TGGCCAGCGGA
ACATCGAGGTG
GATCCACGGGG
ATCCACGGGGT
ATAACGCAGCT
TAACGCAGCTC
ATGTGGACGTC
GACGTCAAGGTG
GACGTCAAGGT
CGTCAAGGTGC
AAGGTGCAGAA
AGGTGCAGAAG
TGCAGAAGAAG
AGAAGAAGATG
GAAGAAGATGA
GGCCACCAGAA
GCGGGAGCTGA
CTATCAAGGAT
TGGACCTCATC
GGACCTCATCG
GACCTCATCGA
TGCCATTGCCC
GCCATTGCCCG
CCATTGCCCGA
AAGGAAACCAA
AGGAAACCAAG
CAAGCAGTGGAA
AAGCAGTGGAAA
CAGTGGAACGG
GCATCATTGGC
CATCATTGGCG
ATCATTGGCGA
AGTGGTACCGA
TACCGAATTGA
ACCGAATTGAG
CACATGGGAAT
TCATGCAGCTGT
ATGTGGAGAAG
TATCTGGATCC
TATCTGGATCCC
TCTGGATCTGG
TGGATCTGGATA
GGATCTGGATTA
CATATCGGTGT
TTGGTGATGACA
TGGTGATGACCA
ATCTCCAAAAT
ATCTCCAAAATG
GGGAGAATCCG
GGAGAATCCGC
GGAGAACCAGT
CCAGTGGCACAA
CATCCACAACA
GCTGGCTGACT
TGCCGAGAAGT
TCCACAGGTGA
AACCTGGCCAA
ACCTGGCCAAAA
CCTGGCCAAAAA
CCTGGCCAAAA
CTGGCCAAAAC
TGGCCAAAACA
TGCGAATGTTT
GCCAACTCCTAA
CCAACTCCTATA
CAACATGAAGG
AGCATAACCAAC
ACCTGAAGGAT
GAAGGATCTGAC
ATCTGAGTGGCG
ATCTGAGTGGC
AGAAGAAGGTC
GAAGAAGGTCA
CCATCTACGGC
CTACGGCGGCAA
TACGGCGGCAGA
CGGCGGCAGCAA
CCTGGCCTTCA
TTCAATCTCAT
ACGACCCATCCA
CTGGAGGGAGTA
ACTACATGTTC
GTTCCTGATGGG
GTTCCTGATGG
TGGAGACCACC
AGCAGAACTGC
GCAGAACTGCG
GAAAAGTTTGG
AAGTTTGGGGA
GGAGAAGCACTC
ACTACGCCATCA
CTTCGGTGCGG
TTCGGTGCGGA
GGTGCGGAGTA
GTGGCCATCCT
CCATCCTGAAG
AGTGAGCGGGG
CAAGCAAAAGTA
AGCAAAAGTGGG
AGCAAAAGTGG
GCAAAAGTGGTG
GCAAAAGTGGT
CAAAAGTGGTG
AGAACCCCAATG
AGAACCCCAAT
GAACCCCAATG
AACCCCAATGC
ACCCCAATGCC
CCCCAATGCCA
TGCCAGCTGCT
GCCAGCTGCTT
CCAGCTGCTTC
GACGCCACTCC
TGACCTTCGGC
CTTCGGCGAGC
GCCGGAATCCT
CCGGAATCCTG
ATCCTGATCGC
TCCTGATCGCC
TCGCCTTCCTC
CGCCTTCCTCA
GCATTACGGAGA
GCATTACGGAG
TTACGGAGTTT
GCAGCAAGTGG
CAGCAAGTGGC
AGCAAGTGGCC
TCACATTTTGC
CACATTTTGCT
ACATTTTGCTC
CATTTTGCTCA
AGGAAGCCTTC
CCTTCAAGAAG
TCAAGAAGGAG
TCAAGAAGGAGG
CAAGAAGGAGA
GGAGATCCGCTA
AACAACAGGAA
CCATCGTGGCC
CATCGTGGCCG
AGTGTGCGGAC
TGCGGACGACA
GACGACACCGCA
TCCCAAGTCGAA
AGTCGAGTCGC
CGTTCCTCGGAA
CGGAGGAGATG
CGGAGGAGATGG
GGAGGAGATGC
GGAGGAGATGCG
GCCCAAGGATC
CAAGGATCAGG
GAAGCAACAACG
GAAGCAACAAC
GGAACAGAAGGC
CAGAAGGAGGC
AGAAGGAGGCG
GCGGGTTTAAAG
GCGGGTTTAAA
GGATTATTTTA
GATTATTTTAA
TGTACATTTAA
GTACATTTAAT
TTCCCTAAAAG
TCCCTAAAAGA
CCCTAAAAGAT
AAGATTTGTCT
GATTTGTCTAC
ATTTGTCTACC
TATTTATGATTC
ATTTATGATTTC
CGCTCAGTGCC
GCTCAGTGCCG
CTCAGTGCCGA
GAAAGCAACGC
TCAATTTGGAG
CAATTTGGAGC
GCTTGTAATTA
TTACTTGGCGG
CGGGCAACACGA
TTCGGTGGCCA
GGTGGCCAACT
GGCAAGGAGAA
CCTTATTGACAA
CTTATTGACATA
AGCAGCTGCAG
GCGCCAAATGG
AATGGGAGCAG
GGAGCAGAACA
GGAGGATGAAG
GATGAAGGACG
GGACCAAGAAG
GTGTTGGGTAG
TGTTGGGTAGC
TTGGTTTGTGT
ATGAGCAGCAAG
ATGAGCAGCAA
TGAGCAGCAATG
TGAGCAGCAAT
GAGCAGCAATGG
GAGCAGCAATG
AGCAGCAATGAA
CAACGGCAGCG
AACGGCAGCGC
ACGGCAGCGCC
AAAAAACAACA
AAACAACAACA
AAACAACAACAG
AACAACAACAAG
AACAACAACAA
ACAACAACAAGA
CAACAACAAGA
ATATAGAGTGC
GAAAAACTAAG
AGGAATGTGAAG
AGGAATGTGAA
GAATTTGATTT
AATTTGATTTT
ATTTGATTTTA
TTTGATTTTAC
TTTTATATGCT
TTTATATGCTG
ATATGCTGCTGA
TTTTGAAGGAA
TTTGAAGGAAG
TCTCAATAATTT
AGAGCGTCGCTA
GAGCGTCGCTTA
ATTGCATTCCAA
ATTGCATTCCA
TCTGTGTGTTCC
ATTATTTTGTA
GCTTCAGCTTC
AGCTTCGACTG
GCTTCGACTGC
CGTGAGCCATT
GGCTGTGGATG
GCTGTGGATGA
TGAGGATGTGG
CCACCAGCACAT
ACAAGAGTCTC
TGGGTAAAACC
CCCAACACACT
AGCTGATGGCC
TCCACCACCGA
CCACCACCGAT
CACCACCGATG
AAAGCGACAAGA
CCCAAGGACGAA
CCAAGGACGAGA
CAAGGACGAGGA
AAGGACGAGGAA
AGGACGAGGAGT
AGGACGAGGAGA
GGACGAGGAGCT
GACGAGGAGCC
ACGAGGAGCCG
AAGGCGCGGGA
AGGCGCGGGAT
CATTTGTTAAT
CATTTGTTAATG
GCACGTAAGCA
ACGTAAGCAAT
AAGCGCATTCCT
CTTTAATGTAC
GTTAACAAATT
AGGGAAAGGGG
TTCGGCGGCAT
TCGGCGGCATT
CGCATAAACAA
TAAACAAATTA
AAACAAATTAA
CAGCAAGGTGG
TTGGGAAAATTG
CGTGGTGTAAAC
GTGGTGTAAATC
CATAGGGCAAT
CGGACAAACGGG
GGACAAACGGAG
GACAAACGGAC
ACAAACGGACA
AACGGACAAGC
AAACGAACGGAC
CATGGGCTTCA
CTCACTTTGCGA
TCACTTTGCGGA
TCTTGAGCAAA
ATTGAAATTCTA
ATTGAAATTCTT
CGTTTCCGCTTG
GTTTCCGCTTCG
TTCGGAGGAAC
TCGGAGGAACG
CGGAGGAACGGG
CGGAGGAACGG
GGAGGAACGGAG
GGAGGAACGGA
GAGGAACGGAG
AGCAATCCAGG
GGGGAGCTACGG
AATCTTGCAGGG
AATCTTGCAGG
GCACTCGGTGT
AATTGCCGGCA
CAGGGCCATGA
AGTTCCGCCAG
TTTACGCGAATG
GCAGAGGACTT
CAGAGGACTTG
AGAGGACTTGGC
TTAAATCTTCT
AGTATCTATAT
ATTTAAAGGAG
TTTAAAGGAGT
AATTCAAAAAA
CAAAAAACTTT
AAAAAACTTTG
TTGTAGGTATT
GATTATCAATC
AGAGACATCTC
TCTTTTTCATTG
GAGATTTTAAA
ATTTTAAAGCGA
CAGTACCACCC
AGTACCACCCA
GTACCACCCAC
CGTGTCCTGTG
GAGCAGGACCT
GCAGTTTGCCG
TGCCGTGGCCT
ACTTGACTGCC
CTTGACTGCCA
CAGCTGGCATC
AGCTGGCATCT
CCGGAGCGTCC
CAAAGTGGCCAA
AAGTGGCCAGCA
GGCCAGCAGTT
GCCAGCAGTTG
CCAGCAGTTGT
CAGCAGTTGTG
TTGGTGGACAA
GCAAATGATGA
AAATGATGATG
TGATGATGGAC
CAACAAACGCAT
CAACAAACGCA
TTTGCCGCAGA
AATTTTCTGCA
AATTTTCTGCAG
TCGCTGGCTGCG
TCGCTGGCTGC
GCTGGCTGCAC
CTGGCTGCACA
ATTTAAAAAGAA
TTTAAAAAGAAA
TTAAAAAGAAAA
AAAAAGAAAAA
AAAAGAAAAAC
AAAAGAAAAACG
AAAGAAAAACA
AAAGAAAAACAG
AAGAAAAACAAG
AAGAAAAACAA
AGAAAAACAATA
AGAAAAACAATG
AGAAAAACAAT
GAAAAACAATTG
GAAAAACAATT
AAAAACAATTGG
AAAAACAATTG
AAAACAATTGCG
AAAACAATTGC
ATTGCCGAAAA
CCATTGCAATT
CATTGCAATTT
GGCAAAGACAA
CGAGCAAATAA
GAGCAAATAAT
AGCAAATAATC
ATCGCAGGCGA
AGCGAAGTGGA
GAAGTGGAGTG
AAGTGGAGTGG
AGTGGAGTGGA
GTGGAGTGGAG
TGGAGTGGAGC
GGAGTGGAGCG
GGAAACGGAAA
CGAATTCGCAC
CCACCCGCTCC
CACCCGCTCCC
CTCTGCTGCTA
TTAGATATTTAG
TAGATATTTATG
AGATATTTATT
AGATATTTATTG
GATATTTATTT
GATATTTATTTG
TATTTCTGCGGG
ATTTCTGCGGAG
TTTGCTGTGTC
CATTTGTATTC
CGGCAGTGGCAG
CGGCAGTGGCA
GGCAGTGGCAGG
GGCAGTGGCAG
GCAGTGGCAGC
CATATGCAACA
GTTCAGGAGTA
ATAATTGGTATT
CAGAAGGTACA
AGAAGGTACAT
GAAGGTACATT
AAGGTACATTA
GGTACATTACTA
GTAACACCTAT
GCTGCAGCTGC
CTGCAGCTGCA
GCAGCTGCATC
CTCCGCCGCTCA
GTTGGCCAATA
TTTGAAAATAAC
CCCACGCCCCT
TTCGCATCTTC
TTCTATTGAAT
TGCAAGTATGT
GCAAGTATGTG
ACCACCGCCCC
CCACCGCCCCC
CACCGCCCCCC
ACAATTTATTTG
ACAATTTATTT
ATTTATTTCTC
TTTATTTCTCG
TTATTTCTCGT
CTCGTCGTCGC
CGCTGGTGACC
CGTGTATTTTA
ACCCTTTCCACG
CATGACCACCAT
CCTTGTCCCCC
CCTTGTCCCCCC
CTTGTCCCCCG
CTTGTCCCCCGC
TTGTTTTTCAT
TGTTTTTCATT
TTTTTCATTCG
ATACAATATTTA
ATACAATATTT
AAAATAGTTTT
AAATAGTTTTCG
ACGCTCTGCGA
TTGATTGTGTT
TGATTGTGTTT
GTGTTTTTAAA
GCAGTCGGATG
GGATGGAAATGA
GGATGGAAATG
GATGGAAATGG
ATGGAAATGGAG
ATGGAAATGGA
TTTAAATTTAG
TTTAAATTTAGG
TAGGTTTCTTA
TTCTTATCTAA
ATTTTTTAAATC
TTTTTTAAATTC
TTTTTTAAATT
TTTTTAAATTA
TTACCAACCCAA
TTTTTATAAAA
TTTTATAAAAA
TTTATAAAAAA
TTATAAAAAAAC
TTATAAAAAAA
TATAAAAAAATC
ATAAAAAAATTC
ATTTTAAATTA
TTAAATTAAATC
AAATTAAATAC
CTATATATATA
CTATATATATAG
TATATATATAT
TATATATATATG
TATATATATTT
TATATATATTTG
ATATATATTTA
TATATATTTAT
ATATATTTATT
AGAAAATAAAAA
GAAAATAAAAT
AAAATAAAATA
TATTTATATAAG
TATTTATATAA
ATTTATATAATG
ATTTATATAAT
TTTATATAATTG
TTTATATAATT
TTATATAATTG
TATATAATTGAC
TATATAATTGA
TAATTGATTTA
CTATAATTTAA
TATAATTTAAA
ATAATTTAAAC
TAATTTAAACA
ATTTTGTTTTT
TTTTGTTTTTTA
TCGCTGTACAT
CGCTGTACATT
TTTGTGTTCTAC
TTGTGTTCTAC
TACTATTTTAA
GTAAACAAAAC
TAAACAAAACA
TAAACAAAACAG
AAACAAAACAG
AAACAAAACAGG
AAACAAAACAGA
AAACAGACGCAA
AAGTAACATGAA
AACATGAACATA
ATGAACATGAA
TGAACATGAAC
AGTGCAGTTTT
GTTTTGAATTA
AAACAAACAAA
AAACAAACAAAG
GTACATATACT
CTGTCAATTAT
AATTATAAATC
ATGCTGCAAAT
GCAAATATTTG
TGCTGAAAATT
TTATAGCACTG
GTGTACAGAAA
TGTACAGAAAA
ACAGAAAAGCA
AGAAAAGCACC
AAATTTTACAT
AATTTTACATT
ATTTTACATTT
CATTTGTATAAA
ATAAAAACAAT
TAATGTACAAA
AATGTACAAAT
AACCAAACCCAA
CCAAACCCAAT
TTCAATTAAAAT
TCAATTAAAAAT
CAATTAAAAAAC
CAATTAAAAAAT
ATTAAAAAAAT
CATAAGCAAAA
ATGTATTTGTA
TATTTGTATTT
TTTAAAAAAGA
AAAAAGAACTT
TACAGGAACTG
ATTTTCGCCGA
CCGCTCCGGCT
CAGAAAACTGT
AGAAAACTGTT
AGAAAACTGTTG
GAAAACTGTTG
AAAAGTAACCAG
CAACAACTCAA
AGGCCGAAGTC
GAGTCGGAGCA
CTCCGAGTCGTA
TGCGGTCAGCAA
AACGCCAACAA
CAACAAATCCT
AACAAATCCTG
ACAAATCCTGG
AAGTGGCAAGT
GCAAGTGCTGC
GATGTGGCTGC
CCTCGATTAGA
AATCCAGAATA
ATCCAGAATAT
CATCATTCCAAA
ATCATTCCAATA
GAGTTTTCAAA
TTTTTGTTTTC
TTTTGTTTTCG
GCGTGTGTGTG
GTGTGCGAGTG
GTGTGTGGGTG
GCCGCTGTGTGA
TGTGTGCGTGG
GTGTGCGTGGC
TGTGCGTGGCA
GGATACATTTC
GTGCTGCAGAA
CTGCAGAAACAA
TGCAGAAACAG
GCAGAAACAGC
AGAAACAGCAAA
AGAAACAGCAA
GAAACAGCAACA
CAGCAACCCAA
AAAACCAAGAA
AAGAAAATGCC
ATGCCAAGATG
TGCCAAGATGC
AGATGCGGATGG
AGATGCGGATG
ATGCGGATGAG
ACGCGGGCGGGG
CCCAGATCCAA
TTCATGTTTTTA
TTCATGTTTTT
CCTCGCCTTCC
CTCGCCTTCCT
CTTCCTTGGCG
GAGTTTTCCATA
GAGTTTTCCAT
TCTGGTGTATAT
TGGTGTATATG
AAATTTGCTGC
GTTTATGTTTT
TTTATGTTTTC
GTTTGTGTTTT
TTTGTGTTTTGC
TTTGTGTTTTG
TTGTGTTTTGG
CCTGCAAAACT
TTTTAAATATAA
TTTTAAATATA
TTTAAATATAAA
TTTAAATATAA
AGGAAATCAAGA
ACTGGTACAAA
TACAAAAAAGA
GTAGTTCACATA
TAGTTCACATAA
GTTTTCCAAACG
TTTTCCAAACCG
TTTCCAAACCAG
TTCCAAACCAAG
AACTTATTTAA
AACTTATTTAAG
ACTTATTTAAC
ACTTATTTAACG
CTTATTTAACT
CTTATTTAACTG
TTATTTAACTT
TTATTTAACTTG
AAATTTACACA
ATTTACACAGC
ACACAGCTTTC
CAGCTTTCGTGA
GAAGTATTTCC
TTTATTTTGAGG
TTTATTTTGAG
TTGAGCCTATT
CACATCACCTG
ACATCACCTGA
ATATTTCCATCA
TATTTCCATCAA
CATGCAAATGC
ATGCAAATGCC
GCCACAGCAAT
CCACAGCAATT
CACAGCAATTG
CAGCAATTGAA
GATTTGCTGCC
GATTTGCTGCCG
ATTTGCTGCCT
TGCCTGCCGGC
GGGTTAAGGTTA
ATTTTGTTATT
TTTTGTTATTG
TTTGTTATTGT
CGCATCCGCTT
GCATCCGCTTC
GGATCCAAAGTG
GGATCCAAAGT
GCAGTCAACTG
CAGTCAACTGG
GCAGCCGCAAAA
CCGCAAAACTT
CGCAAAACTTT
AAGTGGCAATT
GTGTAGCCGCGA
TAGCCGCGCTTG
TAGCCGCGCTT
AGCCGCGCTTCG
AGCCGCGCTTC
GCTCACAAAGT
GGGCAAAAAGC
CGAAAGCCTTT
TGTTTAATTTT
GTTTAATTTTT
TTAATTTTTAA
TTAATTTTTAAG
CAAAAAGAAAAA
AAAAGAAAACT
AAAACTCAAAT
AAACTCAAATT
AACTCAAATTA
ACTCAAATTAA
AAAATGTATAAG
AAATGTATAAAG
GTATAAACACAC
TATAAACACAAC
TATAAACACAAT
ATAAACACAAAC
ATAAACACAAAA
ATAAACACAAA
GCAGTGAGAGA
GCTTTTGCATT
CTTTTGCATTC
TTTTGCATTCTC
TTTTGCATTCT
TTTGCATTCTCC
TTTGCATTCTC
TTTGCATTCTCG
AAACATATTTT
AAACATATTTTG
ACATATTTTGA
AGCCCATAAAA
TCAAATCCATC
CAAATCCATCC
CACTGGCGACA
AAAGTGAATAAA
AAGTGAATAAA
TGAATAAAAAA
AATAAAAAAGTA
AATAAAAAAGT
ATAAAAAAGTGA
ATAAAAAAGTG
TAAAAAAGTGAA
TAAAAAAGTGA
AAAAGTGAATG
GTTCGGGCAAG
CGGGCAAGTCG
AAATGCCGCCTT
ATTTTGAAAAG
TTTTGAAAAGA
TTTGAAAAGAT
TAAATACATTT
CGTGAAAGAAA
GAAAGAAAATC
AAAGAAAATCC
AAGAAAATCCC
GCAATCGGAAA
CAATCGGAAAA
TTTTTAGCCTA
TTTTAGCCTAA
TAAATTCATTT
GTGTTCAGCAAC
GTGTTCAGCAA
TGTTCAGCAAGC
